===========================
[1179740.865519] [skx_decode] skx_dram_decode_addr module unloaded.
[1179983.965715] [skx_decode] Loading skx_dram_decode_addr module...
[1179983.986489] [skx_decode] phys = 0x2b09926b73 => socket=1 imc=1 channel=1 dimm=0 rank=1 row=0xa3b4 col=0x44e bank=1 bg=0
[1179983.965715] [skx_decode] Loading skx_dram_decode_addr module...
[1179983.986489] [skx_decode] phys = 0x2b09926b73 => socket=1 imc=1 channel=1 dimm=0 rank=1 row=0xa3b4 col=0x44e bank=1 bg=0
[1179984.180101] [skx_decode] skx_dram_decode_addr module unloaded.
[1179984.301644] [skx_decode] Loading skx_dram_decode_addr module...
[1179984.322400] [skx_decode] Failed to decode physical address 0xa152bf6739
[1179983.965715] [skx_decode] Loading skx_dram_decode_addr module...
[1179983.986489] [skx_decode] phys = 0x2b09926b73 => socket=1 imc=1 channel=1 dimm=0 rank=1 row=0xa3b4 col=0x44e bank=1 bg=0
[1179984.180101] [skx_decode] skx_dram_decode_addr module unloaded.
[1179984.301644] [skx_decode] Loading skx_dram_decode_addr module...
[1179984.322400] [skx_decode] Failed to decode physical address 0xa152bf6739
[1179984.514155] [skx_decode] skx_dram_decode_addr module unloaded.
[1179984.635489] [skx_decode] Loading skx_dram_decode_addr module...
[1179984.655693] [skx_decode] Failed to decode physical address 0xfd79a24ea7
[1179983.965715] [skx_decode] Loading skx_dram_decode_addr module...
[1179983.986489] [skx_decode] phys = 0x2b09926b73 => socket=1 imc=1 channel=1 dimm=0 rank=1 row=0xa3b4 col=0x44e bank=1 bg=0
[1179984.180101] [skx_decode] skx_dram_decode_addr module unloaded.
[1179984.301644] [skx_decode] Loading skx_dram_decode_addr module...
[1179984.322400] [skx_decode] Failed to decode physical address 0xa152bf6739
[1179984.514155] [skx_decode] skx_dram_decode_addr module unloaded.
[1179984.635489] [skx_decode] Loading skx_dram_decode_addr module...
[1179984.655693] [skx_decode] Failed to decode physical address 0xfd79a24ea7
[1179984.851918] [skx_decode] skx_dram_decode_addr module unloaded.
[1179984.973427] [skx_decode] Loading skx_dram_decode_addr module...
[1179984.994943] [skx_decode] Failed to decode physical address 0xed49c61c36
[1179983.965715] [skx_decode] Loading skx_dram_decode_addr module...
[1179983.986489] [skx_decode] phys = 0x2b09926b73 => socket=1 imc=1 channel=1 dimm=0 rank=1 row=0xa3b4 col=0x44e bank=1 bg=0
[1179984.180101] [skx_decode] skx_dram_decode_addr module unloaded.
[1179984.301644] [skx_decode] Loading skx_dram_decode_addr module...
[1179984.322400] [skx_decode] Failed to decode physical address 0xa152bf6739
[1179984.514155] [skx_decode] skx_dram_decode_addr module unloaded.
[1179984.635489] [skx_decode] Loading skx_dram_decode_addr module...
[1179984.655693] [skx_decode] Failed to decode physical address 0xfd79a24ea7
[1179984.851918] [skx_decode] skx_dram_decode_addr module unloaded.
[1179984.973427] [skx_decode] Loading skx_dram_decode_addr module...
[1179984.994943] [skx_decode] Failed to decode physical address 0xed49c61c36
[1179985.194605] [skx_decode] skx_dram_decode_addr module unloaded.
[1179985.317109] [skx_decode] Loading skx_dram_decode_addr module...
[1179985.338885] [skx_decode] Failed to decode physical address 0xd110df07a6
[1179984.180101] [skx_decode] skx_dram_decode_addr module unloaded.
[1179984.301644] [skx_decode] Loading skx_dram_decode_addr module...
[1179984.322400] [skx_decode] Failed to decode physical address 0xa152bf6739
[1179984.514155] [skx_decode] skx_dram_decode_addr module unloaded.
[1179984.635489] [skx_decode] Loading skx_dram_decode_addr module...
[1179984.655693] [skx_decode] Failed to decode physical address 0xfd79a24ea7
[1179984.851918] [skx_decode] skx_dram_decode_addr module unloaded.
[1179984.973427] [skx_decode] Loading skx_dram_decode_addr module...
[1179984.994943] [skx_decode] Failed to decode physical address 0xed49c61c36
[1179985.194605] [skx_decode] skx_dram_decode_addr module unloaded.
[1179985.317109] [skx_decode] Loading skx_dram_decode_addr module...
[1179985.338885] [skx_decode] Failed to decode physical address 0xd110df07a6
[1179985.530909] [skx_decode] skx_dram_decode_addr module unloaded.
[1179985.651566] [skx_decode] Loading skx_dram_decode_addr module...
[1179985.672917] [skx_decode] phys = 0x202d1a4954 => socket=0 imc=1 channel=0 dimm=0 rank=1 row=0x1f2a6 col=0x56a bank=1 bg=0
[1179984.301644] [skx_decode] Loading skx_dram_decode_addr module...
[1179984.322400] [skx_decode] Failed to decode physical address 0xa152bf6739
[1179984.514155] [skx_decode] skx_dram_decode_addr module unloaded.
[1179984.635489] [skx_decode] Loading skx_dram_decode_addr module...
[1179984.655693] [skx_decode] Failed to decode physical address 0xfd79a24ea7
[1179984.851918] [skx_decode] skx_dram_decode_addr module unloaded.
[1179984.973427] [skx_decode] Loading skx_dram_decode_addr module...
[1179984.994943] [skx_decode] Failed to decode physical address 0xed49c61c36
[1179985.194605] [skx_decode] skx_dram_decode_addr module unloaded.
[1179985.317109] [skx_decode] Loading skx_dram_decode_addr module...
[1179985.338885] [skx_decode] Failed to decode physical address 0xd110df07a6
[1179985.530909] [skx_decode] skx_dram_decode_addr module unloaded.
[1179985.651566] [skx_decode] Loading skx_dram_decode_addr module...
[1179985.672917] [skx_decode] phys = 0x202d1a4954 => socket=0 imc=1 channel=0 dimm=0 rank=1 row=0x1f2a6 col=0x56a bank=1 bg=0
[1179985.864655] [skx_decode] skx_dram_decode_addr module unloaded.
[1179985.985635] [skx_decode] Loading skx_dram_decode_addr module...
[1179986.007166] [skx_decode] Failed to decode physical address 0x6b469f2d73
[1179984.514155] [skx_decode] skx_dram_decode_addr module unloaded.
[1179984.635489] [skx_decode] Loading skx_dram_decode_addr module...
[1179984.655693] [skx_decode] Failed to decode physical address 0xfd79a24ea7
[1179984.851918] [skx_decode] skx_dram_decode_addr module unloaded.
[1179984.973427] [skx_decode] Loading skx_dram_decode_addr module...
[1179984.994943] [skx_decode] Failed to decode physical address 0xed49c61c36
[1179985.194605] [skx_decode] skx_dram_decode_addr module unloaded.
[1179985.317109] [skx_decode] Loading skx_dram_decode_addr module...
[1179985.338885] [skx_decode] Failed to decode physical address 0xd110df07a6
[1179985.530909] [skx_decode] skx_dram_decode_addr module unloaded.
[1179985.651566] [skx_decode] Loading skx_dram_decode_addr module...
[1179985.672917] [skx_decode] phys = 0x202d1a4954 => socket=0 imc=1 channel=0 dimm=0 rank=1 row=0x1f2a6 col=0x56a bank=1 bg=0
[1179985.864655] [skx_decode] skx_dram_decode_addr module unloaded.
[1179985.985635] [skx_decode] Loading skx_dram_decode_addr module...
[1179986.007166] [skx_decode] Failed to decode physical address 0x6b469f2d73
[1179986.198811] [skx_decode] skx_dram_decode_addr module unloaded.
[1179986.319511] [skx_decode] Loading skx_dram_decode_addr module...
[1179986.341066] [skx_decode] Failed to decode physical address 0x62701d7cfd
[1179984.635489] [skx_decode] Loading skx_dram_decode_addr module...
[1179984.655693] [skx_decode] Failed to decode physical address 0xfd79a24ea7
[1179984.851918] [skx_decode] skx_dram_decode_addr module unloaded.
[1179984.973427] [skx_decode] Loading skx_dram_decode_addr module...
[1179984.994943] [skx_decode] Failed to decode physical address 0xed49c61c36
[1179985.194605] [skx_decode] skx_dram_decode_addr module unloaded.
[1179985.317109] [skx_decode] Loading skx_dram_decode_addr module...
[1179985.338885] [skx_decode] Failed to decode physical address 0xd110df07a6
[1179985.530909] [skx_decode] skx_dram_decode_addr module unloaded.
[1179985.651566] [skx_decode] Loading skx_dram_decode_addr module...
[1179985.672917] [skx_decode] phys = 0x202d1a4954 => socket=0 imc=1 channel=0 dimm=0 rank=1 row=0x1f2a6 col=0x56a bank=1 bg=0
[1179985.864655] [skx_decode] skx_dram_decode_addr module unloaded.
[1179985.985635] [skx_decode] Loading skx_dram_decode_addr module...
[1179986.007166] [skx_decode] Failed to decode physical address 0x6b469f2d73
[1179986.198811] [skx_decode] skx_dram_decode_addr module unloaded.
[1179986.319511] [skx_decode] Loading skx_dram_decode_addr module...
[1179986.341066] [skx_decode] Failed to decode physical address 0x62701d7cfd
[1179986.532833] [skx_decode] skx_dram_decode_addr module unloaded.
[1179986.653936] [skx_decode] Loading skx_dram_decode_addr module...
[1179986.675355] [skx_decode] Failed to decode physical address 0xc111ea1a0b
[1179984.973427] [skx_decode] Loading skx_dram_decode_addr module...
[1179984.994943] [skx_decode] Failed to decode physical address 0xed49c61c36
[1179985.194605] [skx_decode] skx_dram_decode_addr module unloaded.
[1179985.317109] [skx_decode] Loading skx_dram_decode_addr module...
[1179985.338885] [skx_decode] Failed to decode physical address 0xd110df07a6
[1179985.530909] [skx_decode] skx_dram_decode_addr module unloaded.
[1179985.651566] [skx_decode] Loading skx_dram_decode_addr module...
[1179985.672917] [skx_decode] phys = 0x202d1a4954 => socket=0 imc=1 channel=0 dimm=0 rank=1 row=0x1f2a6 col=0x56a bank=1 bg=0
[1179985.864655] [skx_decode] skx_dram_decode_addr module unloaded.
[1179985.985635] [skx_decode] Loading skx_dram_decode_addr module...
[1179986.007166] [skx_decode] Failed to decode physical address 0x6b469f2d73
[1179986.198811] [skx_decode] skx_dram_decode_addr module unloaded.
[1179986.319511] [skx_decode] Loading skx_dram_decode_addr module...
[1179986.341066] [skx_decode] Failed to decode physical address 0x62701d7cfd
[1179986.532833] [skx_decode] skx_dram_decode_addr module unloaded.
[1179986.653936] [skx_decode] Loading skx_dram_decode_addr module...
[1179986.675355] [skx_decode] Failed to decode physical address 0xc111ea1a0b
[1179986.867315] [skx_decode] skx_dram_decode_addr module unloaded.
[1179986.987442] [skx_decode] Loading skx_dram_decode_addr module...
[1179987.008805] [skx_decode] Failed to decode physical address 0x4830c7579f
[1179985.317109] [skx_decode] Loading skx_dram_decode_addr module...
[1179985.338885] [skx_decode] Failed to decode physical address 0xd110df07a6
[1179985.530909] [skx_decode] skx_dram_decode_addr module unloaded.
[1179985.651566] [skx_decode] Loading skx_dram_decode_addr module...
[1179985.672917] [skx_decode] phys = 0x202d1a4954 => socket=0 imc=1 channel=0 dimm=0 rank=1 row=0x1f2a6 col=0x56a bank=1 bg=0
[1179985.864655] [skx_decode] skx_dram_decode_addr module unloaded.
[1179985.985635] [skx_decode] Loading skx_dram_decode_addr module...
[1179986.007166] [skx_decode] Failed to decode physical address 0x6b469f2d73
[1179986.198811] [skx_decode] skx_dram_decode_addr module unloaded.
[1179986.319511] [skx_decode] Loading skx_dram_decode_addr module...
[1179986.341066] [skx_decode] Failed to decode physical address 0x62701d7cfd
[1179986.532833] [skx_decode] skx_dram_decode_addr module unloaded.
[1179986.653936] [skx_decode] Loading skx_dram_decode_addr module...
[1179986.675355] [skx_decode] Failed to decode physical address 0xc111ea1a0b
[1179986.867315] [skx_decode] skx_dram_decode_addr module unloaded.
[1179986.987442] [skx_decode] Loading skx_dram_decode_addr module...
[1179987.008805] [skx_decode] Failed to decode physical address 0x4830c7579f
[1179987.201318] [skx_decode] skx_dram_decode_addr module unloaded.
[1179987.321779] [skx_decode] Loading skx_dram_decode_addr module...
[1179987.343013] [skx_decode] Failed to decode physical address 0xa673c163e0
[1179985.651566] [skx_decode] Loading skx_dram_decode_addr module...
[1179985.672917] [skx_decode] phys = 0x202d1a4954 => socket=0 imc=1 channel=0 dimm=0 rank=1 row=0x1f2a6 col=0x56a bank=1 bg=0
[1179985.864655] [skx_decode] skx_dram_decode_addr module unloaded.
[1179985.985635] [skx_decode] Loading skx_dram_decode_addr module...
[1179986.007166] [skx_decode] Failed to decode physical address 0x6b469f2d73
[1179986.198811] [skx_decode] skx_dram_decode_addr module unloaded.
[1179986.319511] [skx_decode] Loading skx_dram_decode_addr module...
[1179986.341066] [skx_decode] Failed to decode physical address 0x62701d7cfd
[1179986.532833] [skx_decode] skx_dram_decode_addr module unloaded.
[1179986.653936] [skx_decode] Loading skx_dram_decode_addr module...
[1179986.675355] [skx_decode] Failed to decode physical address 0xc111ea1a0b
[1179986.867315] [skx_decode] skx_dram_decode_addr module unloaded.
[1179986.987442] [skx_decode] Loading skx_dram_decode_addr module...
[1179987.008805] [skx_decode] Failed to decode physical address 0x4830c7579f
[1179987.201318] [skx_decode] skx_dram_decode_addr module unloaded.
[1179987.321779] [skx_decode] Loading skx_dram_decode_addr module...
[1179987.343013] [skx_decode] Failed to decode physical address 0xa673c163e0
[1179987.534649] [skx_decode] skx_dram_decode_addr module unloaded.
[1179987.655277] [skx_decode] Loading skx_dram_decode_addr module...
[1179987.676639] [skx_decode] phys = 0x19557a6e98 => socket=0 imc=0 channel=1 dimm=0 rank=0 row=0x183ae col=0x6bb bank=1 bg=3
[1179985.985635] [skx_decode] Loading skx_dram_decode_addr module...
[1179986.007166] [skx_decode] Failed to decode physical address 0x6b469f2d73
[1179986.198811] [skx_decode] skx_dram_decode_addr module unloaded.
[1179986.319511] [skx_decode] Loading skx_dram_decode_addr module...
[1179986.341066] [skx_decode] Failed to decode physical address 0x62701d7cfd
[1179986.532833] [skx_decode] skx_dram_decode_addr module unloaded.
[1179986.653936] [skx_decode] Loading skx_dram_decode_addr module...
[1179986.675355] [skx_decode] Failed to decode physical address 0xc111ea1a0b
[1179986.867315] [skx_decode] skx_dram_decode_addr module unloaded.
[1179986.987442] [skx_decode] Loading skx_dram_decode_addr module...
[1179987.008805] [skx_decode] Failed to decode physical address 0x4830c7579f
[1179987.201318] [skx_decode] skx_dram_decode_addr module unloaded.
[1179987.321779] [skx_decode] Loading skx_dram_decode_addr module...
[1179987.343013] [skx_decode] Failed to decode physical address 0xa673c163e0
[1179987.534649] [skx_decode] skx_dram_decode_addr module unloaded.
[1179987.655277] [skx_decode] Loading skx_dram_decode_addr module...
[1179987.676639] [skx_decode] phys = 0x19557a6e98 => socket=0 imc=0 channel=1 dimm=0 rank=0 row=0x183ae col=0x6bb bank=1 bg=3
[1179987.868673] [skx_decode] skx_dram_decode_addr module unloaded.
[1179987.989493] [skx_decode] Loading skx_dram_decode_addr module...
[1179988.011037] [skx_decode] phys = 0x3522a57517 => socket=1 imc=1 channel=0 dimm=0 rank=0 row=0x14bd9 col=0x502 bank=2 bg=2
[1179986.319511] [skx_decode] Loading skx_dram_decode_addr module...
[1179986.341066] [skx_decode] Failed to decode physical address 0x62701d7cfd
[1179986.532833] [skx_decode] skx_dram_decode_addr module unloaded.
[1179986.653936] [skx_decode] Loading skx_dram_decode_addr module...
[1179986.675355] [skx_decode] Failed to decode physical address 0xc111ea1a0b
[1179986.867315] [skx_decode] skx_dram_decode_addr module unloaded.
[1179986.987442] [skx_decode] Loading skx_dram_decode_addr module...
[1179987.008805] [skx_decode] Failed to decode physical address 0x4830c7579f
[1179987.201318] [skx_decode] skx_dram_decode_addr module unloaded.
[1179987.321779] [skx_decode] Loading skx_dram_decode_addr module...
[1179987.343013] [skx_decode] Failed to decode physical address 0xa673c163e0
[1179987.534649] [skx_decode] skx_dram_decode_addr module unloaded.
[1179987.655277] [skx_decode] Loading skx_dram_decode_addr module...
[1179987.676639] [skx_decode] phys = 0x19557a6e98 => socket=0 imc=0 channel=1 dimm=0 rank=0 row=0x183ae col=0x6bb bank=1 bg=3
[1179987.868673] [skx_decode] skx_dram_decode_addr module unloaded.
[1179987.989493] [skx_decode] Loading skx_dram_decode_addr module...
[1179988.011037] [skx_decode] phys = 0x3522a57517 => socket=1 imc=1 channel=0 dimm=0 rank=0 row=0x14bd9 col=0x502 bank=2 bg=2
[1179988.203021] [skx_decode] skx_dram_decode_addr module unloaded.
[1179988.323620] [skx_decode] Loading skx_dram_decode_addr module...
[1179988.344956] [skx_decode] phys = 0x362350cf4 => socket=0 imc=0 channel=0 dimm=0 rank=1 row=0x28cd col=0x706 bank=1 bg=3
[1179986.653936] [skx_decode] Loading skx_dram_decode_addr module...
[1179986.675355] [skx_decode] Failed to decode physical address 0xc111ea1a0b
[1179986.867315] [skx_decode] skx_dram_decode_addr module unloaded.
[1179986.987442] [skx_decode] Loading skx_dram_decode_addr module...
[1179987.008805] [skx_decode] Failed to decode physical address 0x4830c7579f
[1179987.201318] [skx_decode] skx_dram_decode_addr module unloaded.
[1179987.321779] [skx_decode] Loading skx_dram_decode_addr module...
[1179987.343013] [skx_decode] Failed to decode physical address 0xa673c163e0
[1179987.534649] [skx_decode] skx_dram_decode_addr module unloaded.
[1179987.655277] [skx_decode] Loading skx_dram_decode_addr module...
[1179987.676639] [skx_decode] phys = 0x19557a6e98 => socket=0 imc=0 channel=1 dimm=0 rank=0 row=0x183ae col=0x6bb bank=1 bg=3
[1179987.868673] [skx_decode] skx_dram_decode_addr module unloaded.
[1179987.989493] [skx_decode] Loading skx_dram_decode_addr module...
[1179988.011037] [skx_decode] phys = 0x3522a57517 => socket=1 imc=1 channel=0 dimm=0 rank=0 row=0x14bd9 col=0x502 bank=2 bg=2
[1179988.203021] [skx_decode] skx_dram_decode_addr module unloaded.
[1179988.323620] [skx_decode] Loading skx_dram_decode_addr module...
[1179988.344956] [skx_decode] phys = 0x362350cf4 => socket=0 imc=0 channel=0 dimm=0 rank=1 row=0x28cd col=0x706 bank=1 bg=3
[1179988.536341] [skx_decode] skx_dram_decode_addr module unloaded.
[1179988.657289] [skx_decode] Loading skx_dram_decode_addr module...
[1179988.678735] [skx_decode] phys = 0x343b1e1405 => socket=1 imc=0 channel=0 dimm=0 rank=0 row=0x130e7 col=0x5c8 bank=2 bg=2
